<?xml version="1.0" encoding="UTF-8"?>
<!-- Generated by org.testng.reporters.JUnitReportReporter -->
<testsuite hostname="Brians-Air" failures="0" tests="36" name="testing.Admin_Module_Test" time="79.814" errors="0" timestamp="2021-12-01T12:11:40 SGT" skipped="1">
  <testcase classname="testing.Admin_Module_Test" name="addDoctor" time="4.099"/>
  <system-out/>
  <testcase classname="testing.Admin_Module_Test" name="addDoctor" time="5.200"/>
  <system-out/>
  <testcase classname="testing.Admin_Module_Test" name="addDoctor" time="3.980"/>
  <system-out/>
  <testcase classname="testing.Admin_Module_Test" name="addDoctor" time="2.671"/>
  <system-out/>
  <testcase classname="testing.Admin_Module_Test" name="addDoctor" time="4.024"/>
  <system-out/>
  <testcase classname="testing.Admin_Module_Test" name="addDoctor" time="3.561"/>
  <system-out/>
  <testcase classname="testing.Admin_Module_Test" name="addDoctor" time="3.651"/>
  <system-out/>
  <testcase classname="testing.Admin_Module_Test" name="addDoctor" time="4.369"/>
  <system-out/>
  <testcase classname="testing.Admin_Module_Test" name="addDoctor" time="4.050"/>
  <system-out/>
  <testcase classname="testing.Admin_Module_Test" name="approveDoc" time="1.872"/>
  <system-out/>
  <testcase classname="testing.Admin_Module_Test" name="approveDoc" time="1.366"/>
  <system-out/>
  <testcase classname="testing.Admin_Module_Test" name="addCenter" time="0.748"/>
  <system-out/>
  <testcase classname="testing.Admin_Module_Test" name="addCenter" time="0.731"/>
  <system-out/>
  <testcase classname="testing.Admin_Module_Test" name="addCenter" time="0.803"/>
  <system-out/>
  <testcase classname="testing.Admin_Module_Test" name="addCenter" time="1.601"/>
  <system-out/>
  <testcase classname="testing.Admin_Module_Test" name="editCenter" time="1.205"/>
  <system-out/>
  <testcase classname="testing.Admin_Module_Test" name="editCenter" time="1.109"/>
  <system-out/>
  <testcase classname="testing.Admin_Module_Test" name="editCenter" time="1.696"/>
  <system-out/>
  <testcase classname="testing.Admin_Module_Test" name="editCenter" time="1.675"/>
  <system-out/>
  <testcase classname="testing.Admin_Module_Test" name="addRoom" time="0.550"/>
  <system-out/>
  <testcase classname="testing.Admin_Module_Test" name="addRoom" time="1.144"/>
  <system-out/>
  <testcase classname="testing.Admin_Module_Test" name="addRoom" time="1.160"/>
  <system-out/>
  <testcase classname="testing.Admin_Module_Test" name="editRoom" time="1.293"/>
  <system-out/>
  <testcase classname="testing.Admin_Module_Test" name="editRoom" time="1.584"/>
  <system-out/>
  <testcase classname="testing.Admin_Module_Test" name="adminAsignDocTest" time="2.743"/>
  <system-out/>
  <testcase classname="testing.Admin_Module_Test" name="adminAsignDocTest" time="3.283"/>
  <system-out/>
  <testcase classname="testing.Admin_Module_Test" name="adminAsignDocTest" time="3.756"/>
  <system-out/>
  <testcase classname="testing.Admin_Module_Test" name="adminAssignRoomTest" time="2.753"/>
  <system-out/>
  <testcase classname="testing.Admin_Module_Test" name="adminAssignRoomTest" time="2.770"/>
  <system-out/>
  <testcase classname="testing.Admin_Module_Test" name="adminAssignRoomTest" time="2.812"/>
  <system-out/>
  <testcase classname="testing.Admin_Module_Test" name="deleteDoctor" time="1.795"/>
  <system-out/>
  <testcase classname="testing.Admin_Module_Test" name="deleteDoctor" time="1.798"/>
  <system-out/>
  <testcase classname="testing.Admin_Module_Test" name="deleteRoom" time="1.407"/>
  <system-out/>
  <testcase classname="testing.Admin_Module_Test" name="deleteRoom" time="1.421"/>
  <system-out/>
  <testcase classname="testing.Admin_Module_Test" name="deleteCenter" time="1.134"/>
  <system-out/>
  <testcase classname="testing.Admin_Module_Test" name="loginTest">
    <skipped/>
  </testcase> <!-- loginTest -->
  <system-out/>
</testsuite> <!-- testing.Admin_Module_Test -->
