<?xml version="1.0" encoding="UTF-8"?>
<!-- Generated by org.testng.reporters.JUnitReportReporter -->
<testsuite hostname="Brians-Air" failures="0" tests="25" name="testing.Doctor_Module_Test" time="60.101" errors="0" timestamp="2021-12-01T12:11:40 SGT" skipped="0">
  <testcase classname="testing.Doctor_Module_Test" name="registerTest" time="3.007"/>
  <system-out/>
  <testcase classname="testing.Doctor_Module_Test" name="registerTest" time="2.883"/>
  <system-out/>
  <testcase classname="testing.Doctor_Module_Test" name="registerTest" time="6.180"/>
  <system-out/>
  <testcase classname="testing.Doctor_Module_Test" name="registerTest" time="2.875"/>
  <system-out/>
  <testcase classname="testing.Doctor_Module_Test" name="registerTest" time="3.395"/>
  <system-out/>
  <testcase classname="testing.Doctor_Module_Test" name="registerTest" time="4.995"/>
  <system-out/>
  <testcase classname="testing.Doctor_Module_Test" name="registerTest" time="2.916"/>
  <system-out/>
  <testcase classname="testing.Doctor_Module_Test" name="registerTest" time="2.957"/>
  <system-out/>
  <testcase classname="testing.Doctor_Module_Test" name="registerTest" time="2.990"/>
  <system-out/>
  <testcase classname="testing.Doctor_Module_Test" name="loginTest" time="0.540"/>
  <system-out/>
  <testcase classname="testing.Doctor_Module_Test" name="loginTest" time="0.356"/>
  <system-out/>
  <testcase classname="testing.Doctor_Module_Test" name="loginTest" time="1.090"/>
  <system-out/>
  <testcase classname="testing.Doctor_Module_Test" name="loginTest" time="1.133"/>
  <system-out/>
  <testcase classname="testing.Doctor_Module_Test" name="editProfileTest" time="1.976"/>
  <system-out/>
  <testcase classname="testing.Doctor_Module_Test" name="editProfileTest" time="2.062"/>
  <system-out/>
  <testcase classname="testing.Doctor_Module_Test" name="editProfileTest" time="1.192"/>
  <system-out/>
  <testcase classname="testing.Doctor_Module_Test" name="editProfileTest" time="1.482"/>
  <system-out/>
  <testcase classname="testing.Doctor_Module_Test" name="editProfileTest" time="1.558"/>
  <system-out/>
  <testcase classname="testing.Doctor_Module_Test" name="editProfileTest" time="1.481"/>
  <system-out/>
  <testcase classname="testing.Doctor_Module_Test" name="docAssignOwnRosterTestOne" time="1.344"/>
  <system-out/>
  <testcase classname="testing.Doctor_Module_Test" name="approveDoc" time="7.180"/>
  <system-out/>
  <testcase classname="testing.Doctor_Module_Test" name="docAssignOwnRosterTestTwo" time="1.972"/>
  <system-out/>
  <testcase classname="testing.Doctor_Module_Test" name="docAssignOwnRosterTestTwo" time="2.137"/>
  <system-out/>
  <testcase classname="testing.Doctor_Module_Test" name="docAssignOwnRosterTestTwo" time="1.945"/>
  <system-out/>
  <testcase classname="testing.Doctor_Module_Test" name="deleteDoctor" time="0.455"/>
  <system-out/>
</testsuite> <!-- testing.Doctor_Module_Test -->
