<?xml version="1.0" encoding="UTF-8"?>
<!-- Generated by org.testng.reporters.JUnitReportReporter -->
<testsuite hostname="Brians-Air" failures="0" tests="36" name="testing.Testing_TestNG" time="80.352" errors="0" timestamp="2021-11-30T18:36:13 SGT" skipped="1">
  <testcase classname="testing.Testing_TestNG" name="addDoctor" time="3.595"/>
  <system-out/>
  <testcase classname="testing.Testing_TestNG" name="addDoctor" time="4.516"/>
  <system-out/>
  <testcase classname="testing.Testing_TestNG" name="addDoctor" time="3.965"/>
  <system-out/>
  <testcase classname="testing.Testing_TestNG" name="addDoctor" time="3.363"/>
  <system-out/>
  <testcase classname="testing.Testing_TestNG" name="addDoctor" time="3.423"/>
  <system-out/>
  <testcase classname="testing.Testing_TestNG" name="addDoctor" time="3.556"/>
  <system-out/>
  <testcase classname="testing.Testing_TestNG" name="addDoctor" time="3.529"/>
  <system-out/>
  <testcase classname="testing.Testing_TestNG" name="addDoctor" time="2.479"/>
  <system-out/>
  <testcase classname="testing.Testing_TestNG" name="addDoctor" time="4.925"/>
  <system-out/>
  <testcase classname="testing.Testing_TestNG" name="approveDoc" time="1.319"/>
  <system-out/>
  <testcase classname="testing.Testing_TestNG" name="approveDoc" time="1.890"/>
  <system-out/>
  <testcase classname="testing.Testing_TestNG" name="addCenter" time="1.594"/>
  <system-out/>
  <testcase classname="testing.Testing_TestNG" name="addCenter" time="0.722"/>
  <system-out/>
  <testcase classname="testing.Testing_TestNG" name="addCenter" time="0.847"/>
  <system-out/>
  <testcase classname="testing.Testing_TestNG" name="addCenter" time="0.734"/>
  <system-out/>
  <testcase classname="testing.Testing_TestNG" name="editCenter" time="1.179"/>
  <system-out/>
  <testcase classname="testing.Testing_TestNG" name="editCenter" time="1.065"/>
  <system-out/>
  <testcase classname="testing.Testing_TestNG" name="editCenter" time="1.706"/>
  <system-out/>
  <testcase classname="testing.Testing_TestNG" name="editCenter" time="1.180"/>
  <system-out/>
  <testcase classname="testing.Testing_TestNG" name="addRoom" time="1.054"/>
  <system-out/>
  <testcase classname="testing.Testing_TestNG" name="addRoom" time="1.161"/>
  <system-out/>
  <testcase classname="testing.Testing_TestNG" name="addRoom" time="1.237"/>
  <system-out/>
  <testcase classname="testing.Testing_TestNG" name="editRoom" time="1.499"/>
  <system-out/>
  <testcase classname="testing.Testing_TestNG" name="editRoom" time="2.592"/>
  <system-out/>
  <testcase classname="testing.Testing_TestNG" name="adminAsignDocTest" time="3.784"/>
  <system-out/>
  <testcase classname="testing.Testing_TestNG" name="adminAsignDocTest" time="3.710"/>
  <system-out/>
  <testcase classname="testing.Testing_TestNG" name="adminAsignDocTest" time="2.862"/>
  <system-out/>
  <testcase classname="testing.Testing_TestNG" name="adminAssignRoomTest" time="2.710"/>
  <system-out/>
  <testcase classname="testing.Testing_TestNG" name="adminAssignRoomTest" time="3.494"/>
  <system-out/>
  <testcase classname="testing.Testing_TestNG" name="adminAssignRoomTest" time="3.243"/>
  <system-out/>
  <testcase classname="testing.Testing_TestNG" name="deleteDoctor" time="1.688"/>
  <system-out/>
  <testcase classname="testing.Testing_TestNG" name="deleteDoctor" time="1.792"/>
  <system-out/>
  <testcase classname="testing.Testing_TestNG" name="deleteRoom" time="0.867"/>
  <system-out/>
  <testcase classname="testing.Testing_TestNG" name="deleteRoom" time="1.418"/>
  <system-out/>
  <testcase classname="testing.Testing_TestNG" name="deleteCenter" time="1.654"/>
  <system-out/>
  <testcase classname="testing.Testing_TestNG" name="loginTest">
    <skipped/>
  </testcase> <!-- loginTest -->
  <system-out/>
</testsuite> <!-- testing.Testing_TestNG -->
